This file contains any messages produced by compilers while
running configure, to aid debugging if configure makes a mistake.

It was created by configure, which was
generated by GNU Autoconf 2.69.  Invocation command line was

  $ ./configure 

## --------- ##
## Platform. ##
## --------- ##

hostname = scriptwarlock-laptop
uname -m = x86_64
uname -r = 3.11.0-11-lowlatency
uname -s = Linux
uname -v = #4-Ubuntu SMP PREEMPT Wed Oct 2 22:48:21 UTC 2013

/usr/bin/uname -p = unknown
/bin/uname -X     = unknown

/bin/arch              = unknown
/usr/bin/arch -k       = unknown
/usr/convex/getsysinfo = unknown
/usr/bin/hostinfo      = unknown
/bin/machine           = unknown
/usr/bin/oslevel       = unknown
/bin/universe          = unknown

PATH: /usr/lib/lightdm/lightdm
PATH: /usr/local/sbin
PATH: /usr/local/bin
PATH: /usr/sbin
PATH: /usr/bin
PATH: /sbin
PATH: /bin
PATH: /usr/games
PATH: /usr/local/games


## ----------- ##
## Core tests. ##
## ----------- ##

configure:2389: checking for a BSD-compatible install
configure:2457: result: /usr/bin/install -c
configure:2468: checking whether build environment is sane
configure:2518: result: yes
configure:2659: checking for a thread-safe mkdir -p
configure:2698: result: /bin/mkdir -p
configure:2711: checking for gawk
configure:2727: found /usr/bin/gawk
configure:2738: result: gawk
configure:2749: checking whether make sets $(MAKE)
configure:2771: result: yes
configure:2900: checking for gcc
configure:2916: found /usr/bin/gcc
configure:2927: result: gcc
configure:3156: checking for C compiler version
configure:3165: gcc --version >&5
gcc (Ubuntu/Linaro 4.8.1-10ubuntu8) 4.8.1
Copyright (C) 2013 Free Software Foundation, Inc.
This is free software; see the source for copying conditions.  There is NO
warranty; not even for MERCHANTABILITY or FITNESS FOR A PARTICULAR PURPOSE.

configure:3176: $? = 0
configure:3165: gcc -v >&5
Using built-in specs.
COLLECT_GCC=gcc
COLLECT_LTO_WRAPPER=/usr/lib/gcc/x86_64-linux-gnu/4.8/lto-wrapper
Target: x86_64-linux-gnu
Configured with: ../src/configure -v --with-pkgversion='Ubuntu/Linaro 4.8.1-10ubuntu8' --with-bugurl=file:///usr/share/doc/gcc-4.8/README.Bugs --enable-languages=c,c++,java,go,d,fortran,objc,obj-c++ --prefix=/usr --program-suffix=-4.8 --enable-shared --enable-linker-build-id --libexecdir=/usr/lib --without-included-gettext --enable-threads=posix --with-gxx-include-dir=/usr/include/c++/4.8 --libdir=/usr/lib --enable-nls --with-sysroot=/ --enable-clocale=gnu --enable-libstdcxx-debug --enable-libstdcxx-time=yes --enable-gnu-unique-object --enable-plugin --with-system-zlib --disable-browser-plugin --enable-java-awt=gtk --enable-gtk-cairo --with-java-home=/usr/lib/jvm/java-1.5.0-gcj-4.8-amd64/jre --enable-java-home --with-jvm-root-dir=/usr/lib/jvm/java-1.5.0-gcj-4.8-amd64 --with-jvm-jar-dir=/usr/lib/jvm-exports/java-1.5.0-gcj-4.8-amd64 --with-arch-directory=amd64 --with-ecj-jar=/usr/share/java/eclipse-ecj.jar --enable-objc-gc --enable-multiarch --disable-werror --with-arch-32=i686 --with-abi=m64 --with-multilib-list=m32,m64,mx32 --with-tune=generic --enable-checking=release --build=x86_64-linux-gnu --host=x86_64-linux-gnu --target=x86_64-linux-gnu
Thread model: posix
gcc version 4.8.1 (Ubuntu/Linaro 4.8.1-10ubuntu8) 
configure:3176: $? = 0
configure:3165: gcc -V >&5
gcc: error: unrecognized command line option '-V'
gcc: fatal error: no input files
compilation terminated.
configure:3176: $? = 4
configure:3165: gcc -qversion >&5
gcc: error: unrecognized command line option '-qversion'
gcc: fatal error: no input files
compilation terminated.
configure:3176: $? = 4
configure:3196: checking whether the C compiler works
configure:3218: gcc    conftest.c  >&5
configure:3222: $? = 0
configure:3270: result: yes
configure:3273: checking for C compiler default output file name
configure:3275: result: a.out
configure:3281: checking for suffix of executables
configure:3288: gcc -o conftest    conftest.c  >&5
configure:3292: $? = 0
configure:3314: result: 
configure:3336: checking whether we are cross compiling
configure:3344: gcc -o conftest    conftest.c  >&5
configure:3348: $? = 0
configure:3355: ./conftest
configure:3359: $? = 0
configure:3374: result: no
configure:3379: checking for suffix of object files
configure:3401: gcc -c   conftest.c >&5
configure:3405: $? = 0
configure:3426: result: o
configure:3430: checking whether we are using the GNU C compiler
configure:3449: gcc -c   conftest.c >&5
configure:3449: $? = 0
configure:3458: result: yes
configure:3467: checking whether gcc accepts -g
configure:3487: gcc -c -g  conftest.c >&5
configure:3487: $? = 0
configure:3528: result: yes
configure:3545: checking for gcc option to accept ISO C89
configure:3608: gcc  -c -g -O2  conftest.c >&5
configure:3608: $? = 0
configure:3621: result: none needed
configure:3652: checking for style of include used by make
configure:3680: result: GNU
configure:3705: checking dependency style of gcc
configure:3815: result: gcc3
configure:3859: checking build system type
configure:3873: result: x86_64-unknown-linux-gnu
configure:3893: checking host system type
configure:3906: result: x86_64-unknown-linux-gnu
configure:3926: checking for a sed that does not truncate output
configure:3990: result: /bin/sed
configure:4008: checking for grep that handles long lines and -e
configure:4066: result: /bin/grep
configure:4071: checking for egrep
configure:4133: result: /bin/grep -E
configure:4138: checking for fgrep
configure:4200: result: /bin/grep -F
configure:4235: checking for ld used by gcc
configure:4302: result: /usr/bin/ld
configure:4309: checking if the linker (/usr/bin/ld) is GNU ld
configure:4324: result: yes
configure:4336: checking for BSD- or MS-compatible name lister (nm)
configure:4385: result: /usr/bin/nm -B
configure:4503: checking the name lister (/usr/bin/nm -B) interface
configure:4510: gcc -c -g -O2  conftest.c >&5
configure:4513: /usr/bin/nm -B "conftest.o"
configure:4516: output
0000000000000000 B some_variable
configure:4523: result: BSD nm
configure:4526: checking whether ln -s works
configure:4530: result: yes
configure:4538: checking the maximum length of command line arguments
configure:4658: result: 1572864
configure:4675: checking whether the shell understands some XSI constructs
configure:4685: result: yes
configure:4689: checking whether the shell understands "+="
configure:4695: result: yes
configure:4730: checking for /usr/bin/ld option to reload object files
configure:4737: result: -r
configure:4806: checking for objdump
configure:4822: found /usr/bin/objdump
configure:4833: result: objdump
configure:4865: checking how to recognize dependent libraries
configure:5061: result: pass_all
configure:5121: checking for ar
configure:5137: found /usr/bin/ar
configure:5148: result: ar
configure:5226: checking for strip
configure:5242: found /usr/bin/strip
configure:5253: result: strip
configure:5325: checking for ranlib
configure:5341: found /usr/bin/ranlib
configure:5352: result: ranlib
configure:5442: checking command to parse /usr/bin/nm -B output from gcc object
configure:5560: gcc -c -g -O2  conftest.c >&5
configure:5563: $? = 0
configure:5567: /usr/bin/nm -B conftest.o \| sed -n -e 's/^.*[	 ]\([ABCDGIRSTW][ABCDGIRSTW]*\)[	 ][	 ]*\([_A-Za-z][_A-Za-z0-9]*\)$/\1 \2 \2/p' \> conftest.nm
configure:5570: $? = 0
configure:5624: gcc -o conftest -g -O2   conftest.c conftstm.o >&5
configure:5627: $? = 0
configure:5665: result: ok
configure:5761: gcc -c -g -O2  conftest.c >&5
configure:5764: $? = 0
configure:6474: checking how to run the C preprocessor
configure:6505: gcc -E  conftest.c
configure:6505: $? = 0
configure:6519: gcc -E  conftest.c
conftest.c:11:28: fatal error: ac_nonexistent.h: No such file or directory
 #include <ac_nonexistent.h>
                            ^
compilation terminated.
configure:6519: $? = 1
configure: failed program was:
| /* confdefs.h */
| #define PACKAGE_NAME ""
| #define PACKAGE_TARNAME ""
| #define PACKAGE_VERSION ""
| #define PACKAGE_STRING ""
| #define PACKAGE_BUGREPORT ""
| #define PACKAGE_URL ""
| #define PACKAGE "libccls"
| #define VERSION "0.8.2"
| /* end confdefs.h.  */
| #include <ac_nonexistent.h>
configure:6544: result: gcc -E
configure:6564: gcc -E  conftest.c
configure:6564: $? = 0
configure:6578: gcc -E  conftest.c
conftest.c:11:28: fatal error: ac_nonexistent.h: No such file or directory
 #include <ac_nonexistent.h>
                            ^
compilation terminated.
configure:6578: $? = 1
configure: failed program was:
| /* confdefs.h */
| #define PACKAGE_NAME ""
| #define PACKAGE_TARNAME ""
| #define PACKAGE_VERSION ""
| #define PACKAGE_STRING ""
| #define PACKAGE_BUGREPORT ""
| #define PACKAGE_URL ""
| #define PACKAGE "libccls"
| #define VERSION "0.8.2"
| /* end confdefs.h.  */
| #include <ac_nonexistent.h>
configure:6607: checking for ANSI C header files
configure:6627: gcc -c -g -O2  conftest.c >&5
configure:6627: $? = 0
configure:6700: gcc -o conftest -g -O2   conftest.c  >&5
configure:6700: $? = 0
configure:6700: ./conftest
configure:6700: $? = 0
configure:6711: result: yes
configure:6724: checking for sys/types.h
configure:6724: gcc -c -g -O2  conftest.c >&5
configure:6724: $? = 0
configure:6724: result: yes
configure:6724: checking for sys/stat.h
configure:6724: gcc -c -g -O2  conftest.c >&5
configure:6724: $? = 0
configure:6724: result: yes
configure:6724: checking for stdlib.h
configure:6724: gcc -c -g -O2  conftest.c >&5
configure:6724: $? = 0
configure:6724: result: yes
configure:6724: checking for string.h
configure:6724: gcc -c -g -O2  conftest.c >&5
configure:6724: $? = 0
configure:6724: result: yes
configure:6724: checking for memory.h
configure:6724: gcc -c -g -O2  conftest.c >&5
configure:6724: $? = 0
configure:6724: result: yes
configure:6724: checking for strings.h
configure:6724: gcc -c -g -O2  conftest.c >&5
configure:6724: $? = 0
configure:6724: result: yes
configure:6724: checking for inttypes.h
configure:6724: gcc -c -g -O2  conftest.c >&5
configure:6724: $? = 0
configure:6724: result: yes
configure:6724: checking for stdint.h
configure:6724: gcc -c -g -O2  conftest.c >&5
configure:6724: $? = 0
configure:6724: result: yes
configure:6724: checking for unistd.h
configure:6724: gcc -c -g -O2  conftest.c >&5
configure:6724: $? = 0
configure:6724: result: yes
configure:6738: checking for dlfcn.h
configure:6738: gcc -c -g -O2  conftest.c >&5
configure:6738: $? = 0
configure:6738: result: yes
configure:6922: checking for objdir
configure:6937: result: .libs
configure:7229: checking if gcc supports -fno-rtti -fno-exceptions
configure:7247: gcc -c -g -O2  -fno-rtti -fno-exceptions conftest.c >&5
cc1: warning: command line option '-fno-rtti' is valid for C++/ObjC++ but not for C [enabled by default]
configure:7251: $? = 0
configure:7264: result: no
configure:7284: checking for gcc option to produce PIC
configure:7556: result: -fPIC -DPIC
configure:7568: checking if gcc PIC flag -fPIC -DPIC works
configure:7586: gcc -c -g -O2  -fPIC -DPIC -DPIC conftest.c >&5
configure:7590: $? = 0
configure:7603: result: yes
configure:7627: checking if gcc static flag -static works
configure:7655: result: yes
configure:7670: checking if gcc supports -c -o file.o
configure:7691: gcc -c -g -O2  -o out/conftest2.o conftest.c >&5
configure:7695: $? = 0
configure:7717: result: yes
configure:7725: checking if gcc supports -c -o file.o
configure:7772: result: yes
configure:7805: checking whether the gcc linker (/usr/bin/ld -m elf_x86_64) supports shared libraries
configure:8795: result: yes
configure:8832: checking whether -lc should be explicitly linked in
configure:8837: gcc -c -g -O2  conftest.c >&5
configure:8840: $? = 0
configure:8855: gcc -shared conftest.o  -v -Wl,-soname -Wl,conftest -o conftest 2\>\&1 \| /bin/grep  -lc  \>/dev/null 2\>\&1
configure:8858: $? = 0
configure:8870: result: no
configure:9034: checking dynamic linker characteristics
configure:9467: gcc -o conftest -g -O2   -Wl,-rpath -Wl,/foo conftest.c  >&5
configure:9467: $? = 0
configure:9697: result: GNU/Linux ld.so
configure:9799: checking how to hardcode library paths into programs
configure:9824: result: immediate
configure:10344: checking whether stripping libraries is possible
configure:10349: result: yes
configure:10384: checking if libtool supports shared libraries
configure:10386: result: yes
configure:10389: checking whether to build shared libraries
configure:10410: result: yes
configure:10413: checking whether to build static libraries
configure:10417: result: yes
configure:10452: checking whether make sets $(MAKE)
configure:10474: result: yes
configure:10491: checking for sqlite3_open in -lsqlite3
configure:10516: gcc -o conftest -g -O2   conftest.c -lsqlite3   >&5
configure:10516: $? = 0
configure:10525: result: yes
configure:10538: checking sqlite3.h usability
configure:10538: gcc -c -g -O2  conftest.c >&5
configure:10538: $? = 0
configure:10538: result: yes
configure:10538: checking sqlite3.h presence
configure:10538: gcc -E  conftest.c
configure:10538: $? = 0
configure:10538: result: yes
configure:10538: checking for sqlite3.h
configure:10538: result: yes
configure:10625: checking for pkg-config
configure:10643: found /usr/bin/pkg-config
configure:10655: result: /usr/bin/pkg-config
configure:10680: checking pkg-config is at least version 0.16
configure:10683: result: yes
configure:10701: checking for GLIB - version >= 2.4.0
configure:10816: gcc -o conftest -g -O2 -I/usr/include/glib-2.0 -I/usr/lib/x86_64-linux-gnu/glib-2.0/include     conftest.c -lglib-2.0   -lsqlite3  >&5
configure:10816: $? = 0
configure:10816: ./conftest
configure:10816: $? = 0
configure:10830: result: yes (version 2.38.1)
configure:10896: checking for SSL_new in -lssl
configure:10921: gcc -o conftest -g -O2   conftest.c -lssl  -lsqlite3  >&5
configure:10921: $? = 0
configure:10930: result: yes
configure:10943: checking openssl/ssl.h usability
configure:10943: gcc -c -g -O2  conftest.c >&5
configure:10943: $? = 0
configure:10943: result: yes
configure:10943: checking openssl/ssl.h presence
configure:10943: gcc -E  conftest.c
configure:10943: $? = 0
configure:10943: result: yes
configure:10943: checking for openssl/ssl.h
configure:10943: result: yes
configure:10951: checking whether time.h and sys/time.h may both be included
configure:10971: gcc -c -g -O2  conftest.c >&5
configure:10971: $? = 0
configure:10978: result: yes
configure:10989: checking for GLIB
configure:11073: result: yes
configure:11259: creating ./config.status

## ---------------------- ##
## Running config.status. ##
## ---------------------- ##

This file was extended by config.status, which was
generated by GNU Autoconf 2.69.  Invocation command line was

  CONFIG_FILES    = 
  CONFIG_HEADERS  = 
  CONFIG_LINKS    = 
  CONFIG_COMMANDS = 
  $ ./config.status 

on scriptwarlock-laptop

config.status:993: creating config.h
config.status:993: creating Makefile
config.status:993: creating src/Makefile
config.status:1165: executing depfiles commands
config.status:1165: executing libtool commands

## ---------------- ##
## Cache variables. ##
## ---------------- ##

ac_cv_build=x86_64-unknown-linux-gnu
ac_cv_c_compiler_gnu=yes
ac_cv_env_CC_set=
ac_cv_env_CC_value=
ac_cv_env_CFLAGS_set=
ac_cv_env_CFLAGS_value=
ac_cv_env_CPPFLAGS_set=
ac_cv_env_CPPFLAGS_value=
ac_cv_env_CPP_set=
ac_cv_env_CPP_value=
ac_cv_env_GLIB_CFLAGS_set=
ac_cv_env_GLIB_CFLAGS_value=
ac_cv_env_GLIB_LIBS_set=
ac_cv_env_GLIB_LIBS_value=
ac_cv_env_LDFLAGS_set=
ac_cv_env_LDFLAGS_value=
ac_cv_env_LIBS_set=
ac_cv_env_LIBS_value=
ac_cv_env_PKG_CONFIG_set=
ac_cv_env_PKG_CONFIG_value=
ac_cv_env_build_alias_set=
ac_cv_env_build_alias_value=
ac_cv_env_host_alias_set=
ac_cv_env_host_alias_value=
ac_cv_env_target_alias_set=
ac_cv_env_target_alias_value=
ac_cv_header_dlfcn_h=yes
ac_cv_header_inttypes_h=yes
ac_cv_header_memory_h=yes
ac_cv_header_openssl_ssl_h=yes
ac_cv_header_sqlite3_h=yes
ac_cv_header_stdc=yes
ac_cv_header_stdint_h=yes
ac_cv_header_stdlib_h=yes
ac_cv_header_string_h=yes
ac_cv_header_strings_h=yes
ac_cv_header_sys_stat_h=yes
ac_cv_header_sys_types_h=yes
ac_cv_header_time=yes
ac_cv_header_unistd_h=yes
ac_cv_host=x86_64-unknown-linux-gnu
ac_cv_lib_sqlite3_sqlite3_open=yes
ac_cv_lib_ssl_SSL_new=yes
ac_cv_objext=o
ac_cv_path_EGREP='/bin/grep -E'
ac_cv_path_FGREP='/bin/grep -F'
ac_cv_path_GREP=/bin/grep
ac_cv_path_SED=/bin/sed
ac_cv_path_ac_pt_PKG_CONFIG=/usr/bin/pkg-config
ac_cv_path_install='/usr/bin/install -c'
ac_cv_path_mkdir=/bin/mkdir
ac_cv_prog_AWK=gawk
ac_cv_prog_CPP='gcc -E'
ac_cv_prog_ac_ct_AR=ar
ac_cv_prog_ac_ct_CC=gcc
ac_cv_prog_ac_ct_OBJDUMP=objdump
ac_cv_prog_ac_ct_RANLIB=ranlib
ac_cv_prog_ac_ct_STRIP=strip
ac_cv_prog_cc_c89=
ac_cv_prog_cc_g=yes
ac_cv_prog_make_make_set=yes
am_cv_CC_dependencies_compiler_type=gcc3
lt_cv_deplibs_check_method=pass_all
lt_cv_file_magic_cmd='$MAGIC_CMD'
lt_cv_file_magic_test_file=
lt_cv_ld_reload_flag=-r
lt_cv_nm_interface='BSD nm'
lt_cv_objdir=.libs
lt_cv_path_LD=/usr/bin/ld
lt_cv_path_NM='/usr/bin/nm -B'
lt_cv_prog_compiler_c_o=yes
lt_cv_prog_compiler_pic_works=yes
lt_cv_prog_compiler_rtti_exceptions=no
lt_cv_prog_compiler_static_works=yes
lt_cv_prog_gnu_ld=yes
lt_cv_sys_global_symbol_pipe='sed -n -e '\''s/^.*[	 ]\([ABCDGIRSTW][ABCDGIRSTW]*\)[	 ][	 ]*\([_A-Za-z][_A-Za-z0-9]*\)$/\1 \2 \2/p'\'''
lt_cv_sys_global_symbol_to_c_name_address='sed -n -e '\''s/^: \([^ ]*\) $/  {\"\1\", (void *) 0},/p'\'' -e '\''s/^[ABCDGIRSTW]* \([^ ]*\) \([^ ]*\)$/  {"\2", (void *) \&\2},/p'\'''
lt_cv_sys_global_symbol_to_c_name_address_lib_prefix='sed -n -e '\''s/^: \([^ ]*\) $/  {\"\1\", (void *) 0},/p'\'' -e '\''s/^[ABCDGIRSTW]* \([^ ]*\) \(lib[^ ]*\)$/  {"\2", (void *) \&\2},/p'\'' -e '\''s/^[ABCDGIRSTW]* \([^ ]*\) \([^ ]*\)$/  {"lib\2", (void *) \&\2},/p'\'''
lt_cv_sys_global_symbol_to_cdecl='sed -n -e '\''s/^T .* \(.*\)$/extern int \1();/p'\'' -e '\''s/^[ABCDGIRSTW]* .* \(.*\)$/extern char \1;/p'\'''
lt_cv_sys_max_cmd_len=1572864
pkg_cv_GLIB_CFLAGS='-I/usr/include/glib-2.0 -I/usr/lib/x86_64-linux-gnu/glib-2.0/include  '
pkg_cv_GLIB_LIBS='-lglib-2.0  '

## ----------------- ##
## Output variables. ##
## ----------------- ##

ACLOCAL='${SHELL} /home/mastertux/mkahawa-code/libccls/missing --run aclocal-1.11'
AMDEPBACKSLASH='\'
AMDEP_FALSE='#'
AMDEP_TRUE=''
AMTAR='${SHELL} /home/mastertux/mkahawa-code/libccls/missing --run tar'
AR='ar'
AUTOCONF='${SHELL} /home/mastertux/mkahawa-code/libccls/missing --run autoconf'
AUTOHEADER='${SHELL} /home/mastertux/mkahawa-code/libccls/missing --run autoheader'
AUTOMAKE='${SHELL} /home/mastertux/mkahawa-code/libccls/missing --run automake-1.11'
AWK='gawk'
CC='gcc'
CCDEPMODE='depmode=gcc3'
CFLAGS='-g -O2'
CPP='gcc -E'
CPPFLAGS=''
CYGPATH_W='echo'
DEFS='-DPACKAGE_NAME=\"\" -DPACKAGE_TARNAME=\"\" -DPACKAGE_VERSION=\"\" -DPACKAGE_STRING=\"\" -DPACKAGE_BUGREPORT=\"\" -DPACKAGE_URL=\"\" -DPACKAGE=\"libccls\" -DVERSION=\"0.8.2\" -DSTDC_HEADERS=1 -DHAVE_SYS_TYPES_H=1 -DHAVE_SYS_STAT_H=1 -DHAVE_STDLIB_H=1 -DHAVE_STRING_H=1 -DHAVE_MEMORY_H=1 -DHAVE_STRINGS_H=1 -DHAVE_INTTYPES_H=1 -DHAVE_STDINT_H=1 -DHAVE_UNISTD_H=1 -DHAVE_DLFCN_H=1 -DLT_OBJDIR=\".libs/\" -DHAVE_LIBSQLITE3=1 -DHAVE_LIBSSL=1 -DTIME_WITH_SYS_TIME=1'
DEPDIR='.deps'
DSYMUTIL=''
DUMPBIN=''
ECHO_C=''
ECHO_N='-n'
ECHO_T=''
EGREP='/bin/grep -E'
EXEEXT=''
FGREP='/bin/grep -F'
GLIB_CFLAGS='-I/usr/include/glib-2.0 -I/usr/lib/x86_64-linux-gnu/glib-2.0/include  '
GLIB_GENMARSHAL='glib-genmarshal'
GLIB_LIBS='-lglib-2.0  '
GLIB_MKENUMS='glib-mkenums'
GOBJECT_QUERY='gobject-query'
GREP='/bin/grep'
INSTALL_DATA='${INSTALL} -m 644'
INSTALL_PROGRAM='${INSTALL}'
INSTALL_SCRIPT='${INSTALL}'
INSTALL_STRIP_PROGRAM='$(install_sh) -c -s'
LD='/usr/bin/ld -m elf_x86_64'
LDFLAGS=''
LIBOBJS=''
LIBS='-lssl -lsqlite3 '
LIBTOOL='$(SHELL) $(top_builddir)/libtool'
LIPO=''
LN_S='ln -s'
LTLIBOBJS=''
LT_AGE='8'
LT_CURRENT='8'
LT_REVISION='2'
MAKEINFO='${SHELL} /home/mastertux/mkahawa-code/libccls/missing --run makeinfo'
MKDIR_P='/bin/mkdir -p'
NM='/usr/bin/nm -B'
NMEDIT=''
OBJDUMP='objdump'
OBJEXT='o'
OTOOL64=''
OTOOL=''
PACKAGE='libccls'
PACKAGE_BUGREPORT=''
PACKAGE_NAME=''
PACKAGE_STRING=''
PACKAGE_TARNAME=''
PACKAGE_URL=''
PACKAGE_VERSION=''
PATH_SEPARATOR=':'
PKG_CONFIG='/usr/bin/pkg-config'
RANLIB='ranlib'
SED='/bin/sed'
SET_MAKE=''
SHELL='/bin/bash'
STRIP='strip'
VERSION='0.8.2'
ac_ct_CC='gcc'
ac_ct_DUMPBIN=''
am__EXEEXT_FALSE=''
am__EXEEXT_TRUE='#'
am__fastdepCC_FALSE='#'
am__fastdepCC_TRUE=''
am__include='include'
am__isrc=''
am__leading_dot='.'
am__quote=''
am__tar='${AMTAR} chof - "$$tardir"'
am__untar='${AMTAR} xf -'
bindir='${exec_prefix}/bin'
build='x86_64-unknown-linux-gnu'
build_alias=''
build_cpu='x86_64'
build_os='linux-gnu'
build_vendor='unknown'
datadir='${datarootdir}'
datarootdir='${prefix}/share'
docdir='${datarootdir}/doc/${PACKAGE}'
dvidir='${docdir}'
exec_prefix='${prefix}'
host='x86_64-unknown-linux-gnu'
host_alias=''
host_cpu='x86_64'
host_os='linux-gnu'
host_vendor='unknown'
htmldir='${docdir}'
includedir='${prefix}/include'
infodir='${datarootdir}/info'
install_sh='${SHELL} /home/mastertux/mkahawa-code/libccls/install-sh'
libdir='${exec_prefix}/lib'
libexecdir='${exec_prefix}/libexec'
localedir='${datarootdir}/locale'
localstatedir='${prefix}/var'
lt_ECHO='echo'
mandir='${datarootdir}/man'
mkdir_p='/bin/mkdir -p'
oldincludedir='/usr/include'
pdfdir='${docdir}'
prefix='/usr/local'
program_transform_name='s,x,x,'
psdir='${docdir}'
sbindir='${exec_prefix}/sbin'
sharedstatedir='${prefix}/com'
sysconfdir='${prefix}/etc'
target_alias=''

## ----------- ##
## confdefs.h. ##
## ----------- ##

/* confdefs.h */
#define PACKAGE_NAME ""
#define PACKAGE_TARNAME ""
#define PACKAGE_VERSION ""
#define PACKAGE_STRING ""
#define PACKAGE_BUGREPORT ""
#define PACKAGE_URL ""
#define PACKAGE "libccls"
#define VERSION "0.8.2"
#define STDC_HEADERS 1
#define HAVE_SYS_TYPES_H 1
#define HAVE_SYS_STAT_H 1
#define HAVE_STDLIB_H 1
#define HAVE_STRING_H 1
#define HAVE_MEMORY_H 1
#define HAVE_STRINGS_H 1
#define HAVE_INTTYPES_H 1
#define HAVE_STDINT_H 1
#define HAVE_UNISTD_H 1
#define HAVE_DLFCN_H 1
#define LT_OBJDIR ".libs/"
#define HAVE_LIBSQLITE3 1
#define HAVE_LIBSSL 1
#define TIME_WITH_SYS_TIME 1

configure: exit 0
